[debug] [2023-12-08T15:54:14.737Z] ----------------------------------------------------------------------
[debug] [2023-12-08T15:54:14.741Z] Command:       C:\Program Files\nodejs\node.exe C:\Users\harsh\AppData\Roaming\npm\node_modules\firebase-tools\lib\bin\firebase.js init
[debug] [2023-12-08T15:54:14.742Z] CLI Version:   13.0.1
[debug] [2023-12-08T15:54:14.742Z] Platform:      win32
[debug] [2023-12-08T15:54:14.743Z] Node Version:  v18.18.2
[debug] [2023-12-08T15:54:14.744Z] Time:          Fri Dec 08 2023 21:24:14 GMT+0530 (India Standard Time)
[debug] [2023-12-08T15:54:14.744Z] ----------------------------------------------------------------------
[debug] 
[debug] [2023-12-08T15:54:14.758Z] > command requires scopes: ["email","openid","https://www.googleapis.com/auth/cloudplatformprojects.readonly","https://www.googleapis.com/auth/firebase","https://www.googleapis.com/auth/cloud-platform"]
[debug] [2023-12-08T15:54:14.759Z] > authorizing via signed-in user (hareshchowdhury97@gmail.com)
[info] 
     ######## #### ########  ######## ########     ###     ######  ########
     ##        ##  ##     ## ##       ##     ##  ##   ##  ##       ##
     ######    ##  ########  ######   ########  #########  ######  ######
     ##        ##  ##    ##  ##       ##     ## ##     ##       ## ##
     ##       #### ##     ## ######## ########  ##     ##  ######  ########

You're about to initialize a Firebase project in this directory:

  C:\Users\harsh\OneDrive\Desktop\Code\Project\Login_page

[info] 
=== Project Setup
[info] 
[info] First, let's associate this project directory with a Firebase project.
[info] You can create multiple project aliases by running firebase use --add, 
[info] but for now we'll just set up a default project.
[info] 
[debug] [2023-12-08T15:55:24.607Z] >>> [apiv2][query] GET https://firebase.googleapis.com/v1beta1/projects pageSize=100
[debug] [2023-12-08T15:55:26.632Z] <<< [apiv2][status] GET https://firebase.googleapis.com/v1beta1/projects 200
[debug] [2023-12-08T15:55:26.632Z] <<< [apiv2][body] GET https://firebase.googleapis.com/v1beta1/projects [omitted]
[info] i  Using project login-page-13bd9 (Login Page) 
[info] 
=== Hosting Setup
[debug] [2023-12-08T15:55:38.995Z] >>> [apiv2][query] GET https://firebase.googleapis.com/v1beta1/projects/login-page-13bd9 [none]
[debug] [2023-12-08T15:55:40.092Z] <<< [apiv2][status] GET https://firebase.googleapis.com/v1beta1/projects/login-page-13bd9 200
[debug] [2023-12-08T15:55:40.093Z] <<< [apiv2][body] GET https://firebase.googleapis.com/v1beta1/projects/login-page-13bd9 {"projectId":"login-page-13bd9","projectNumber":"980398165747","displayName":"Login Page","name":"projects/login-page-13bd9","resources":{"hostingSite":"login-page-13bd9"},"state":"ACTIVE","etag":"1_4948d72b-d7c6-4558-9e2d-24808c913529"}
[info] 
[info] Your public directory is the folder (relative to your project directory) that
[info] will contain Hosting assets to be uploaded with firebase deploy. If you
[info] have a build process for your assets, use your build's output directory.
[info] 
[debug] [2023-12-08T15:55:58.118Z] >>> [apiv2][query] GET https://www.gstatic.com/firebasejs/releases.json [none]
[debug] [2023-12-08T15:55:58.417Z] <<< [apiv2][status] GET https://www.gstatic.com/firebasejs/releases.json 200
[debug] [2023-12-08T15:55:58.417Z] <<< [apiv2][body] GET https://www.gstatic.com/firebasejs/releases.json {"current":{"version":"10.7.1","browserURL":"https://www.gstatic.com/firebasejs/10.7.1/firebase.js","packageURL":"https://www.gstatic.com/firebasejs/10.7.1/firebase.tgz"},"live":{"version":"10.7","browserURL":"https://www.gstatic.com/firebasejs/live/10.7/firebase.js","packageURL":"https://www.gstatic.com/firebasejs/live/10.7/firebase.tgz"},"components":{"analytics":"https://www.gstatic.com/firebasejs/10.7.1/firebase-analytics.js","app":"https://www.gstatic.com/firebasejs/10.7.1/firebase-app.js","app-check":"https://www.gstatic.com/firebasejs/10.7.1/firebase-app-check.js","auth":"https://www.gstatic.com/firebasejs/10.7.1/firebase-auth.js","auth/cordova":"https://www.gstatic.com/firebasejs/10.7.1/firebase-auth/cordova.js","functions":"https://www.gstatic.com/firebasejs/10.7.1/firebase-functions.js","firestore":"https://www.gstatic.com/firebasejs/10.7.1/firebase-firestore.js","firestore/lite":"https://www.gstatic.com/firebasejs/10.7.1/firebase-firestore/lite.js","installations":"https://www.gstatic.com/firebasejs/10.7.1/firebase-installations.js","storage":"https://www.gstatic.com/firebasejs/10.7.1/firebase-storage.js","performance":"https://www.gstatic.com/firebasejs/10.7.1/firebase-performance.js","remote-config":"https://www.gstatic.com/firebasejs/10.7.1/firebase-remote-config.js","messaging":"https://www.gstatic.com/firebasejs/10.7.1/firebase-messaging.js","messaging/sw":"https://www.gstatic.com/firebasejs/10.7.1/firebase-messaging/sw.js","database":"https://www.gstatic.com/firebasejs/10.7.1/firebase-database.js","firestore.memory":"https://www.gstatic.com/firebasejs/10.7.1/firebase-firestore.memory.js"}}
[info] +  Wrote public/index.html 
[info] 
[info] i  Detected a .git folder at C:\Users\harsh\OneDrive\Desktop\Code\Project\Login_page 
[info] i  Authorizing with GitHub to upload your service account to a GitHub repository's secrets store. 
[info] 
[info] Visit this URL on this device to log in:
[info] https://github.com/login/oauth/authorize?client_id=89cf50f02ac6aaed3484&state=385292309&redirect_uri=http%3A%2F%2Flocalhost%3A9005&scope=read%3Auser%20repo%20public_repo
[info] 
[info] Waiting for authentication...
[debug] [2023-12-08T15:56:00.812Z] >>> [apiv2][query] POST https://github.com/login/oauth/access_token [none]
[debug] [2023-12-08T15:56:00.813Z] >>> [apiv2][body] POST https://github.com/login/oauth/access_token [stream]
[debug] [2023-12-08T15:56:01.391Z] <<< [apiv2][status] POST https://github.com/login/oauth/access_token 200
[debug] [2023-12-08T15:56:01.392Z] <<< [apiv2][body] POST https://github.com/login/oauth/access_token {"access_token":"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","token_type":"bearer","scope":"read:user,repo"}
[debug] [2023-12-08T15:56:01.451Z] >>> [apiv2][query] GET https://api.github.com/user [none]
[debug] [2023-12-08T15:56:02.534Z] <<< [apiv2][status] GET https://api.github.com/user 200
[debug] [2023-12-08T15:56:02.534Z] <<< [apiv2][body] GET https://api.github.com/user {"login":"haresh01","id":103809526,"node_id":"U_kgDOBjAB9g","avatar_url":"https://avatars.githubusercontent.com/u/103809526?v=4","gravatar_id":"","url":"https://api.github.com/users/haresh01","html_url":"https://github.com/haresh01","followers_url":"https://api.github.com/users/haresh01/followers","following_url":"https://api.github.com/users/haresh01/following{/other_user}","gists_url":"https://api.github.com/users/haresh01/gists{/gist_id}","starred_url":"https://api.github.com/users/haresh01/starred{/owner}{/repo}","subscriptions_url":"https://api.github.com/users/haresh01/subscriptions","organizations_url":"https://api.github.com/users/haresh01/orgs","repos_url":"https://api.github.com/users/haresh01/repos","events_url":"https://api.github.com/users/haresh01/events{/privacy}","received_events_url":"https://api.github.com/users/haresh01/received_events","type":"User","site_admin":false,"name":"Haresh Chowdhury","company":null,"blog":"","location":null,"email":null,"hireable":null,"bio":null,"twitter_username":null,"public_repos":5,"public_gists":0,"followers":0,"following":0,"created_at":"2022-04-16T05:41:25Z","updated_at":"2023-12-07T04:43:46Z","private_gists":0,"total_private_repos":5,"owned_private_repos":5,"disk_usage":6538,"collaborators":0,"two_factor_authentication":true,"plan":{"name":"free","space":976562499,"collaborators":0,"private_repos":10000}}
[info] 
[info] +  Success! Logged into GitHub as haresh01 
[info] 
[debug] [2023-12-08T15:56:28.992Z] >>> [apiv2][query] GET https://api.github.com/repos//actions/secrets/public-key type=owner
[debug] [2023-12-08T15:56:33.540Z] <<< [apiv2][status] GET https://api.github.com/repos//actions/secrets/public-key 404
[debug] [2023-12-08T15:56:33.540Z] <<< [apiv2][body] GET https://api.github.com/repos//actions/secrets/public-key {"message":"Not Found","documentation_url":"https://docs.github.com/rest"}
[info] 
[info] 
[error] !  The provided authorization cannot be used with this repository. If this repository is in an organization, did you remember to grant access? 
[info] 
[info] i  Action required: Visit this URL to ensure access has been granted to the appropriate organization(s) for the Firebase CLI GitHub OAuth App: 
[info] https://github.com/settings/connections/applications/89cf50f02ac6aaed3484
[info] 
[debug] [2023-12-08T15:56:44.933Z] >>> [apiv2][query] GET https://api.github.com/repos//actions/secrets/public-key type=owner
[debug] [2023-12-08T15:56:45.619Z] <<< [apiv2][status] GET https://api.github.com/repos//actions/secrets/public-key 404
[debug] [2023-12-08T15:56:45.619Z] <<< [apiv2][body] GET https://api.github.com/repos//actions/secrets/public-key {"message":"Not Found","documentation_url":"https://docs.github.com/rest"}
[info] 
[info] 
[error] !  The provided authorization cannot be used with this repository. If this repository is in an organization, did you remember to grant access? 
[info] 
[info] i  Action required: Visit this URL to ensure access has been granted to the appropriate organization(s) for the Firebase CLI GitHub OAuth App: 
[info] https://github.com/settings/connections/applications/89cf50f02ac6aaed3484
[info] 
[debug] [2023-12-08T15:56:50.556Z] >>> [apiv2][query] GET https://api.github.com/repos/no/actions/secrets/public-key type=owner
[debug] [2023-12-08T15:56:51.361Z] <<< [apiv2][status] GET https://api.github.com/repos/no/actions/secrets/public-key 404
[debug] [2023-12-08T15:56:51.361Z] <<< [apiv2][body] GET https://api.github.com/repos/no/actions/secrets/public-key {"message":"Not Found","documentation_url":"https://docs.github.com/rest"}
[info] 
[info] 
[error] !  The provided authorization cannot be used with this repository. If this repository is in an organization, did you remember to grant access? 
[info] 
[info] i  Action required: Visit this URL to ensure access has been granted to the appropriate organization(s) for the Firebase CLI GitHub OAuth App: 
[info] https://github.com/settings/connections/applications/89cf50f02ac6aaed3484
[info] 
